<?xml version="1.0" encoding="UTF-8"?>
<testsuite xmlns:xsi="http://www.w3.org/2001/XMLSchema-instance" xsi:noNamespaceSchemaLocation="https://maven.apache.org/surefire/maven-surefire-plugin/xsd/surefire-test-report.xsd" name="top.javahe.WebSocketHandlerTest" time="2.001" tests="3" errors="0" skipped="0" failures="0">
  <properties>
    <property name="java.specification.version" value="17"/>
    <property name="sun.cpu.isalist" value="amd64"/>
    <property name="sun.jnu.encoding" value="GBK"/>
    <property name="java.class.path" value="E:\github\testWebsocket\testWebsocket\target\test-classes;E:\github\testWebsocket\testWebsocket\target\classes;E:\apache\apache-maven-3.8.4\repository\org\springframework\boot\spring-boot-starter\2.7.0\spring-boot-starter-2.7.0.jar;E:\apache\apache-maven-3.8.4\repository\org\springframework\boot\spring-boot\2.7.0\spring-boot-2.7.0.jar;E:\apache\apache-maven-3.8.4\repository\org\springframework\spring-context\5.3.20\spring-context-5.3.20.jar;E:\apache\apache-maven-3.8.4\repository\org\springframework\spring-aop\5.3.20\spring-aop-5.3.20.jar;E:\apache\apache-maven-3.8.4\repository\org\springframework\spring-expression\5.3.20\spring-expression-5.3.20.jar;E:\apache\apache-maven-3.8.4\repository\org\springframework\boot\spring-boot-autoconfigure\2.7.0\spring-boot-autoconfigure-2.7.0.jar;E:\apache\apache-maven-3.8.4\repository\org\springframework\boot\spring-boot-starter-logging\2.7.0\spring-boot-starter-logging-2.7.0.jar;E:\apache\apache-maven-3.8.4\repository\ch\qos\logback\logback-classic\1.2.11\logback-classic-1.2.11.jar;E:\apache\apache-maven-3.8.4\repository\ch\qos\logback\logback-core\1.2.11\logback-core-1.2.11.jar;E:\apache\apache-maven-3.8.4\repository\org\apache\logging\log4j\log4j-to-slf4j\2.17.2\log4j-to-slf4j-2.17.2.jar;E:\apache\apache-maven-3.8.4\repository\org\apache\logging\log4j\log4j-api\2.17.2\log4j-api-2.17.2.jar;E:\apache\apache-maven-3.8.4\repository\org\slf4j\jul-to-slf4j\1.7.36\jul-to-slf4j-1.7.36.jar;E:\apache\apache-maven-3.8.4\repository\jakarta\annotation\jakarta.annotation-api\1.3.5\jakarta.annotation-api-1.3.5.jar;E:\apache\apache-maven-3.8.4\repository\org\springframework\spring-core\5.3.20\spring-core-5.3.20.jar;E:\apache\apache-maven-3.8.4\repository\org\springframework\spring-jcl\5.3.20\spring-jcl-5.3.20.jar;E:\apache\apache-maven-3.8.4\repository\org\yaml\snakeyaml\1.30\snakeyaml-1.30.jar;E:\apache\apache-maven-3.8.4\repository\org\springframework\boot\spring-boot-starter-websocket\2.7.0\spring-boot-starter-websocket-2.7.0.jar;E:\apache\apache-maven-3.8.4\repository\org\springframework\boot\spring-boot-starter-web\2.7.0\spring-boot-starter-web-2.7.0.jar;E:\apache\apache-maven-3.8.4\repository\org\springframework\boot\spring-boot-starter-json\2.7.0\spring-boot-starter-json-2.7.0.jar;E:\apache\apache-maven-3.8.4\repository\com\fasterxml\jackson\core\jackson-databind\2.13.3\jackson-databind-2.13.3.jar;E:\apache\apache-maven-3.8.4\repository\com\fasterxml\jackson\core\jackson-annotations\2.13.3\jackson-annotations-2.13.3.jar;E:\apache\apache-maven-3.8.4\repository\com\fasterxml\jackson\core\jackson-core\2.13.3\jackson-core-2.13.3.jar;E:\apache\apache-maven-3.8.4\repository\com\fasterxml\jackson\datatype\jackson-datatype-jdk8\2.13.3\jackson-datatype-jdk8-2.13.3.jar;E:\apache\apache-maven-3.8.4\repository\com\fasterxml\jackson\datatype\jackson-datatype-jsr310\2.13.3\jackson-datatype-jsr310-2.13.3.jar;E:\apache\apache-maven-3.8.4\repository\com\fasterxml\jackson\module\jackson-module-parameter-names\2.13.3\jackson-module-parameter-names-2.13.3.jar;E:\apache\apache-maven-3.8.4\repository\org\springframework\boot\spring-boot-starter-tomcat\2.7.0\spring-boot-starter-tomcat-2.7.0.jar;E:\apache\apache-maven-3.8.4\repository\org\apache\tomcat\embed\tomcat-embed-core\9.0.63\tomcat-embed-core-9.0.63.jar;E:\apache\apache-maven-3.8.4\repository\org\apache\tomcat\embed\tomcat-embed-el\9.0.63\tomcat-embed-el-9.0.63.jar;E:\apache\apache-maven-3.8.4\repository\org\apache\tomcat\embed\tomcat-embed-websocket\9.0.63\tomcat-embed-websocket-9.0.63.jar;E:\apache\apache-maven-3.8.4\repository\org\springframework\spring-web\5.3.20\spring-web-5.3.20.jar;E:\apache\apache-maven-3.8.4\repository\org\springframework\spring-webmvc\5.3.20\spring-webmvc-5.3.20.jar;E:\apache\apache-maven-3.8.4\repository\org\springframework\spring-messaging\5.3.20\spring-messaging-5.3.20.jar;E:\apache\apache-maven-3.8.4\repository\org\springframework\spring-beans\5.3.20\spring-beans-5.3.20.jar;E:\apache\apache-maven-3.8.4\repository\org\springframework\spring-websocket\5.3.20\spring-websocket-5.3.20.jar;E:\apache\apache-maven-3.8.4\repository\org\projectlombok\lombok\1.18.24\lombok-1.18.24.jar;E:\apache\apache-maven-3.8.4\repository\org\springframework\boot\spring-boot-starter-test\2.7.0\spring-boot-starter-test-2.7.0.jar;E:\apache\apache-maven-3.8.4\repository\org\springframework\boot\spring-boot-test\2.7.0\spring-boot-test-2.7.0.jar;E:\apache\apache-maven-3.8.4\repository\org\springframework\boot\spring-boot-test-autoconfigure\2.7.0\spring-boot-test-autoconfigure-2.7.0.jar;E:\apache\apache-maven-3.8.4\repository\com\jayway\jsonpath\json-path\2.7.0\json-path-2.7.0.jar;E:\apache\apache-maven-3.8.4\repository\net\minidev\json-smart\2.4.8\json-smart-2.4.8.jar;E:\apache\apache-maven-3.8.4\repository\net\minidev\accessors-smart\2.4.8\accessors-smart-2.4.8.jar;E:\apache\apache-maven-3.8.4\repository\org\ow2\asm\asm\9.1\asm-9.1.jar;E:\apache\apache-maven-3.8.4\repository\org\slf4j\slf4j-api\1.7.36\slf4j-api-1.7.36.jar;E:\apache\apache-maven-3.8.4\repository\jakarta\xml\bind\jakarta.xml.bind-api\2.3.3\jakarta.xml.bind-api-2.3.3.jar;E:\apache\apache-maven-3.8.4\repository\jakarta\activation\jakarta.activation-api\1.2.2\jakarta.activation-api-1.2.2.jar;E:\apache\apache-maven-3.8.4\repository\org\assertj\assertj-core\3.22.0\assertj-core-3.22.0.jar;E:\apache\apache-maven-3.8.4\repository\org\hamcrest\hamcrest\2.2\hamcrest-2.2.jar;E:\apache\apache-maven-3.8.4\repository\org\junit\jupiter\junit-jupiter\5.8.2\junit-jupiter-5.8.2.jar;E:\apache\apache-maven-3.8.4\repository\org\junit\jupiter\junit-jupiter-api\5.8.2\junit-jupiter-api-5.8.2.jar;E:\apache\apache-maven-3.8.4\repository\org\opentest4j\opentest4j\1.2.0\opentest4j-1.2.0.jar;E:\apache\apache-maven-3.8.4\repository\org\junit\platform\junit-platform-commons\1.8.2\junit-platform-commons-1.8.2.jar;E:\apache\apache-maven-3.8.4\repository\org\apiguardian\apiguardian-api\1.1.2\apiguardian-api-1.1.2.jar;E:\apache\apache-maven-3.8.4\repository\org\junit\jupiter\junit-jupiter-params\5.8.2\junit-jupiter-params-5.8.2.jar;E:\apache\apache-maven-3.8.4\repository\org\junit\jupiter\junit-jupiter-engine\5.8.2\junit-jupiter-engine-5.8.2.jar;E:\apache\apache-maven-3.8.4\repository\org\junit\platform\junit-platform-engine\1.8.2\junit-platform-engine-1.8.2.jar;E:\apache\apache-maven-3.8.4\repository\org\mockito\mockito-core\4.5.1\mockito-core-4.5.1.jar;E:\apache\apache-maven-3.8.4\repository\net\bytebuddy\byte-buddy\1.12.10\byte-buddy-1.12.10.jar;E:\apache\apache-maven-3.8.4\repository\net\bytebuddy\byte-buddy-agent\1.12.10\byte-buddy-agent-1.12.10.jar;E:\apache\apache-maven-3.8.4\repository\org\objenesis\objenesis\3.2\objenesis-3.2.jar;E:\apache\apache-maven-3.8.4\repository\org\mockito\mockito-junit-jupiter\4.5.1\mockito-junit-jupiter-4.5.1.jar;E:\apache\apache-maven-3.8.4\repository\org\skyscreamer\jsonassert\1.5.0\jsonassert-1.5.0.jar;E:\apache\apache-maven-3.8.4\repository\com\vaadin\external\google\android-json\0.0.20131108.vaadin1\android-json-0.0.20131108.vaadin1.jar;E:\apache\apache-maven-3.8.4\repository\org\springframework\spring-test\5.3.20\spring-test-5.3.20.jar;E:\apache\apache-maven-3.8.4\repository\org\xmlunit\xmlunit-core\2.9.0\xmlunit-core-2.9.0.jar;E:\apache\apache-maven-3.8.4\repository\org\springframework\boot\spring-boot-devtools\2.7.0\spring-boot-devtools-2.7.0.jar;"/>
    <property name="java.vm.vendor" value="Microsoft"/>
    <property name="sun.arch.data.model" value="64"/>
    <property name="user.variant" value=""/>
    <property name="java.vendor.url" value="https://www.microsoft.com"/>
    <property name="user.timezone" value="Asia/Shanghai"/>
    <property name="os.name" value="Windows 10"/>
    <property name="java.vm.specification.version" value="17"/>
    <property name="sun.java.launcher" value="SUN_STANDARD"/>
    <property name="user.country" value="CN"/>
    <property name="sun.boot.library.path" value="D:\devtool\jdk-17.0.9+8\bin"/>
    <property name="sun.java.command" value="C:\Users\ADMINI~1\AppData\Local\Temp\surefire17295595806000900959\surefirebooter13683831003098440432.jar C:\Users\Administrator\AppData\Local\Temp\surefire17295595806000900959 2025-04-23T17-40-21_432-jvmRun1 surefire183761833411339400tmp surefire_016305089050680420471tmp"/>
    <property name="jdk.debug" value="release"/>
    <property name="surefire.test.class.path" value="E:\github\testWebsocket\testWebsocket\target\test-classes;E:\github\testWebsocket\testWebsocket\target\classes;E:\apache\apache-maven-3.8.4\repository\org\springframework\boot\spring-boot-starter\2.7.0\spring-boot-starter-2.7.0.jar;E:\apache\apache-maven-3.8.4\repository\org\springframework\boot\spring-boot\2.7.0\spring-boot-2.7.0.jar;E:\apache\apache-maven-3.8.4\repository\org\springframework\spring-context\5.3.20\spring-context-5.3.20.jar;E:\apache\apache-maven-3.8.4\repository\org\springframework\spring-aop\5.3.20\spring-aop-5.3.20.jar;E:\apache\apache-maven-3.8.4\repository\org\springframework\spring-expression\5.3.20\spring-expression-5.3.20.jar;E:\apache\apache-maven-3.8.4\repository\org\springframework\boot\spring-boot-autoconfigure\2.7.0\spring-boot-autoconfigure-2.7.0.jar;E:\apache\apache-maven-3.8.4\repository\org\springframework\boot\spring-boot-starter-logging\2.7.0\spring-boot-starter-logging-2.7.0.jar;E:\apache\apache-maven-3.8.4\repository\ch\qos\logback\logback-classic\1.2.11\logback-classic-1.2.11.jar;E:\apache\apache-maven-3.8.4\repository\ch\qos\logback\logback-core\1.2.11\logback-core-1.2.11.jar;E:\apache\apache-maven-3.8.4\repository\org\apache\logging\log4j\log4j-to-slf4j\2.17.2\log4j-to-slf4j-2.17.2.jar;E:\apache\apache-maven-3.8.4\repository\org\apache\logging\log4j\log4j-api\2.17.2\log4j-api-2.17.2.jar;E:\apache\apache-maven-3.8.4\repository\org\slf4j\jul-to-slf4j\1.7.36\jul-to-slf4j-1.7.36.jar;E:\apache\apache-maven-3.8.4\repository\jakarta\annotation\jakarta.annotation-api\1.3.5\jakarta.annotation-api-1.3.5.jar;E:\apache\apache-maven-3.8.4\repository\org\springframework\spring-core\5.3.20\spring-core-5.3.20.jar;E:\apache\apache-maven-3.8.4\repository\org\springframework\spring-jcl\5.3.20\spring-jcl-5.3.20.jar;E:\apache\apache-maven-3.8.4\repository\org\yaml\snakeyaml\1.30\snakeyaml-1.30.jar;E:\apache\apache-maven-3.8.4\repository\org\springframework\boot\spring-boot-starter-websocket\2.7.0\spring-boot-starter-websocket-2.7.0.jar;E:\apache\apache-maven-3.8.4\repository\org\springframework\boot\spring-boot-starter-web\2.7.0\spring-boot-starter-web-2.7.0.jar;E:\apache\apache-maven-3.8.4\repository\org\springframework\boot\spring-boot-starter-json\2.7.0\spring-boot-starter-json-2.7.0.jar;E:\apache\apache-maven-3.8.4\repository\com\fasterxml\jackson\core\jackson-databind\2.13.3\jackson-databind-2.13.3.jar;E:\apache\apache-maven-3.8.4\repository\com\fasterxml\jackson\core\jackson-annotations\2.13.3\jackson-annotations-2.13.3.jar;E:\apache\apache-maven-3.8.4\repository\com\fasterxml\jackson\core\jackson-core\2.13.3\jackson-core-2.13.3.jar;E:\apache\apache-maven-3.8.4\repository\com\fasterxml\jackson\datatype\jackson-datatype-jdk8\2.13.3\jackson-datatype-jdk8-2.13.3.jar;E:\apache\apache-maven-3.8.4\repository\com\fasterxml\jackson\datatype\jackson-datatype-jsr310\2.13.3\jackson-datatype-jsr310-2.13.3.jar;E:\apache\apache-maven-3.8.4\repository\com\fasterxml\jackson\module\jackson-module-parameter-names\2.13.3\jackson-module-parameter-names-2.13.3.jar;E:\apache\apache-maven-3.8.4\repository\org\springframework\boot\spring-boot-starter-tomcat\2.7.0\spring-boot-starter-tomcat-2.7.0.jar;E:\apache\apache-maven-3.8.4\repository\org\apache\tomcat\embed\tomcat-embed-core\9.0.63\tomcat-embed-core-9.0.63.jar;E:\apache\apache-maven-3.8.4\repository\org\apache\tomcat\embed\tomcat-embed-el\9.0.63\tomcat-embed-el-9.0.63.jar;E:\apache\apache-maven-3.8.4\repository\org\apache\tomcat\embed\tomcat-embed-websocket\9.0.63\tomcat-embed-websocket-9.0.63.jar;E:\apache\apache-maven-3.8.4\repository\org\springframework\spring-web\5.3.20\spring-web-5.3.20.jar;E:\apache\apache-maven-3.8.4\repository\org\springframework\spring-webmvc\5.3.20\spring-webmvc-5.3.20.jar;E:\apache\apache-maven-3.8.4\repository\org\springframework\spring-messaging\5.3.20\spring-messaging-5.3.20.jar;E:\apache\apache-maven-3.8.4\repository\org\springframework\spring-beans\5.3.20\spring-beans-5.3.20.jar;E:\apache\apache-maven-3.8.4\repository\org\springframework\spring-websocket\5.3.20\spring-websocket-5.3.20.jar;E:\apache\apache-maven-3.8.4\repository\org\projectlombok\lombok\1.18.24\lombok-1.18.24.jar;E:\apache\apache-maven-3.8.4\repository\org\springframework\boot\spring-boot-starter-test\2.7.0\spring-boot-starter-test-2.7.0.jar;E:\apache\apache-maven-3.8.4\repository\org\springframework\boot\spring-boot-test\2.7.0\spring-boot-test-2.7.0.jar;E:\apache\apache-maven-3.8.4\repository\org\springframework\boot\spring-boot-test-autoconfigure\2.7.0\spring-boot-test-autoconfigure-2.7.0.jar;E:\apache\apache-maven-3.8.4\repository\com\jayway\jsonpath\json-path\2.7.0\json-path-2.7.0.jar;E:\apache\apache-maven-3.8.4\repository\net\minidev\json-smart\2.4.8\json-smart-2.4.8.jar;E:\apache\apache-maven-3.8.4\repository\net\minidev\accessors-smart\2.4.8\accessors-smart-2.4.8.jar;E:\apache\apache-maven-3.8.4\repository\org\ow2\asm\asm\9.1\asm-9.1.jar;E:\apache\apache-maven-3.8.4\repository\org\slf4j\slf4j-api\1.7.36\slf4j-api-1.7.36.jar;E:\apache\apache-maven-3.8.4\repository\jakarta\xml\bind\jakarta.xml.bind-api\2.3.3\jakarta.xml.bind-api-2.3.3.jar;E:\apache\apache-maven-3.8.4\repository\jakarta\activation\jakarta.activation-api\1.2.2\jakarta.activation-api-1.2.2.jar;E:\apache\apache-maven-3.8.4\repository\org\assertj\assertj-core\3.22.0\assertj-core-3.22.0.jar;E:\apache\apache-maven-3.8.4\repository\org\hamcrest\hamcrest\2.2\hamcrest-2.2.jar;E:\apache\apache-maven-3.8.4\repository\org\junit\jupiter\junit-jupiter\5.8.2\junit-jupiter-5.8.2.jar;E:\apache\apache-maven-3.8.4\repository\org\junit\jupiter\junit-jupiter-api\5.8.2\junit-jupiter-api-5.8.2.jar;E:\apache\apache-maven-3.8.4\repository\org\opentest4j\opentest4j\1.2.0\opentest4j-1.2.0.jar;E:\apache\apache-maven-3.8.4\repository\org\junit\platform\junit-platform-commons\1.8.2\junit-platform-commons-1.8.2.jar;E:\apache\apache-maven-3.8.4\repository\org\apiguardian\apiguardian-api\1.1.2\apiguardian-api-1.1.2.jar;E:\apache\apache-maven-3.8.4\repository\org\junit\jupiter\junit-jupiter-params\5.8.2\junit-jupiter-params-5.8.2.jar;E:\apache\apache-maven-3.8.4\repository\org\junit\jupiter\junit-jupiter-engine\5.8.2\junit-jupiter-engine-5.8.2.jar;E:\apache\apache-maven-3.8.4\repository\org\junit\platform\junit-platform-engine\1.8.2\junit-platform-engine-1.8.2.jar;E:\apache\apache-maven-3.8.4\repository\org\mockito\mockito-core\4.5.1\mockito-core-4.5.1.jar;E:\apache\apache-maven-3.8.4\repository\net\bytebuddy\byte-buddy\1.12.10\byte-buddy-1.12.10.jar;E:\apache\apache-maven-3.8.4\repository\net\bytebuddy\byte-buddy-agent\1.12.10\byte-buddy-agent-1.12.10.jar;E:\apache\apache-maven-3.8.4\repository\org\objenesis\objenesis\3.2\objenesis-3.2.jar;E:\apache\apache-maven-3.8.4\repository\org\mockito\mockito-junit-jupiter\4.5.1\mockito-junit-jupiter-4.5.1.jar;E:\apache\apache-maven-3.8.4\repository\org\skyscreamer\jsonassert\1.5.0\jsonassert-1.5.0.jar;E:\apache\apache-maven-3.8.4\repository\com\vaadin\external\google\android-json\0.0.20131108.vaadin1\android-json-0.0.20131108.vaadin1.jar;E:\apache\apache-maven-3.8.4\repository\org\springframework\spring-test\5.3.20\spring-test-5.3.20.jar;E:\apache\apache-maven-3.8.4\repository\org\xmlunit\xmlunit-core\2.9.0\xmlunit-core-2.9.0.jar;E:\apache\apache-maven-3.8.4\repository\org\springframework\boot\spring-boot-devtools\2.7.0\spring-boot-devtools-2.7.0.jar;"/>
    <property name="sun.cpu.endian" value="little"/>
    <property name="user.home" value="C:\Users\Administrator"/>
    <property name="user.language" value="zh"/>
    <property name="java.specification.vendor" value="Oracle Corporation"/>
    <property name="java.version.date" value="2023-10-17"/>
    <property name="java.home" value="D:\devtool\jdk-17.0.9+8"/>
    <property name="file.separator" value="\"/>
    <property name="basedir" value="E:\github\testWebsocket\testWebsocket"/>
    <property name="java.vm.compressedOopsMode" value="Zero based"/>
    <property name="line.separator" value="&#10;"/>
    <property name="java.vm.specification.vendor" value="Oracle Corporation"/>
    <property name="java.specification.name" value="Java Platform API Specification"/>
    <property name="surefire.real.class.path" value="C:\Users\ADMINI~1\AppData\Local\Temp\surefire17295595806000900959\surefirebooter13683831003098440432.jar"/>
    <property name="user.script" value=""/>
    <property name="sun.management.compiler" value="HotSpot 64-Bit Tiered Compilers"/>
    <property name="java.runtime.version" value="17.0.9+8-LTS"/>
    <property name="user.name" value="Administrator"/>
    <property name="path.separator" value=";"/>
    <property name="os.version" value="10.0"/>
    <property name="java.runtime.name" value="OpenJDK Runtime Environment"/>
    <property name="file.encoding" value="GBK"/>
    <property name="java.vm.name" value="OpenJDK 64-Bit Server VM"/>
    <property name="java.vendor.version" value="Microsoft-8552009"/>
    <property name="localRepository" value="E:\apache\apache-maven-3.8.4\repository"/>
    <property name="java.vendor.url.bug" value="https://github.com/microsoft/openjdk/issues"/>
    <property name="java.io.tmpdir" value="C:\Users\ADMINI~1\AppData\Local\Temp\"/>
    <property name="java.version" value="17.0.9"/>
    <property name="user.dir" value="E:\github\testWebsocket\testWebsocket"/>
    <property name="os.arch" value="amd64"/>
    <property name="java.vm.specification.name" value="Java Virtual Machine Specification"/>
    <property name="sun.os.patch.level" value=""/>
    <property name="native.encoding" value="GBK"/>
    <property name="java.library.path" value="D:\devtool\jdk-17.0.9+8\bin;C:\Windows\Sun\Java\bin;C:\Windows\system32;C:\Windows;C:\Program Files\PowerShell\7;C:\Program Files\Google\Chrome\Application;c:\Users\Administrator\AppData\Local\Programs\cursor\resources\app\bin;D:\saftwareInstall\ShadowBot;D:\saftwareInstall\jvms\store\jdk1.8.0_201\bin;C:\Program Files\Eclipse Adoptium\jdk-21.0.6.7-hotspot\bin;C:\Users\Administrator\AppData\Local\Programs\Python\Python313\;C:\Program Files\Common Files\Oracle\Java\javapath;D:\saftwareInstall\gradle\gradle-8.8\bin;C:\Program Files\Java\jdk-17\bin;C:\Program Files\Java\jdk-17\jre\bin;C:\Windows\system32;C:\Windows;C:\Windows\System32\Wbem;C:\Windows\System32\WindowsPowerShell\v1.0\;C:\Windows\System32\OpenSSH\;C:\Program Files (x86)\NetSarang\Xmanager 7\;C:\Program Files\Microsoft SQL Server\120\Tools\Binn\;C:\Users\Administrator\AppData\Local\Microsoft\WindowsApps;D:\saftwareInstall\jvms;C:\Program Files\Git\cmd;C:\Program Files (x86)\GitExtensions\;C:\Program Files\dotnet\;F:\softinstall\nodejs\;F:\softinstall\mingw64\bin;C:\Users\Administrator\AppData\Local\Programs\Python\Python313\Scripts\;C:\Users\Administrator\AppData\Local\Programs\Python\Python313\;C:\Users\Administrator\AppData\Loca;C:\Program Files\PowerShell\7\;D:\devtool\android_sdk\cmdline-tools\bin;C:\ProgramData\chocolatey\bin;C:\Program Files (x86)\Subversion\bin;C:\Program Files\TortoiseSVN\bin;E:\apache-maven-3.8.4\bin;C:\Program Files\Docker\Docker\resources\bin;c:\Users\Administrator\AppData\Local\Programs\cursor\resources\app\bin;D:\saftwareInstall\ShadowBot;D:\saftwareInstall\jvms\store\jdk1.8.0_201\bin;C:\Program Files\Eclipse Adoptium\jdk-21.0.6.7-hotspot\bin;C:\Users\Administrator\AppData\Local\Programs\Python\Python313\;C:\Program Files\Common Files\Oracle\Java\javapath;D:\saftwareInstall\gradle\gradle-8.8\bin;C:\Program Files\Java\jdk-17\bin;C:\Program Files\Java\jdk-17\jre\bin;C:\Windows\system32;C:\Windows;C:\Windows\System32\Wbem;C:\Windows\System32\WindowsPowerShell\v1.0\;C:\Windows\System32\OpenSSH\;C:\Program Files (x86)\NetSarang\Xmanager 7\;C:\Program Files\Microsoft SQL Server\120\Tools\Binn\;C:\Users\Administrator\AppData\Local\Microsoft\WindowsApps;D:\saftwareInstall\jvms;C:\Program Files\Git\cmd;C:\Program Files (x86)\GitExtensions\;C:\Program Files\dotnet\;F:\softinstall\nodejs\;F:\softinstall\mingw64\bin;C:\Users\Administrator\AppData\Local\Programs\Python\Python313\Scripts\;C:\Users\Administrator\AppData\Local\Programs\Python\Python313\;C:\Users\Administrator\AppData\Loca;C:\Program Files\PowerShell\7\;D:\devtool\android_sdk\cmdline-tools\bin;C:\ProgramData\chocolatey\bin;C:\Program Files (x86)\Subversion\bin;C:\Program Files\TortoiseSVN\bin;E:\apache-maven-3.8.4\bin;C:\Program Files\Docker\Docker\resources\bin;;D:\saftwareInstall\cursor\resources\app\bin;C:\Program Files (x86)\Subversion\bin;."/>
    <property name="java.vm.info" value="mixed mode, sharing"/>
    <property name="java.vendor" value="Microsoft"/>
    <property name="java.vm.version" value="17.0.9+8-LTS"/>
    <property name="sun.io.unicode.encoding" value="UnicodeLittle"/>
    <property name="java.class.version" value="61.0"/>
  </properties>
  <testcase name="testConnectionLifecycle" classname="top.javahe.WebSocketHandlerTest" time="1.912"/>
  <testcase name="testMultipleConnections" classname="top.javahe.WebSocketHandlerTest" time="0.046"/>
  <testcase name="testSendMessageToAll" classname="top.javahe.WebSocketHandlerTest" time="0.017"/>
</testsuite>